timestamp: 2019-05-14T09:52:06.901000
CREATE TABLE "auth_user"(
    "id" INTEGER PRIMARY KEY AUTOINCREMENT,
    "first_name" CHAR(128),
    "last_name" CHAR(128),
    "email" CHAR(512),
    "password" CHAR(512),
    "registration_key" CHAR(512),
    "reset_password_key" CHAR(512),
    "registration_id" CHAR(512)
);
success!
timestamp: 2019-05-14T09:52:07.051000
CREATE TABLE "auth_group"(
    "id" INTEGER PRIMARY KEY AUTOINCREMENT,
    "role" CHAR(512),
    "description" TEXT
);
success!
timestamp: 2019-05-14T09:52:07.190000
CREATE TABLE "auth_membership"(
    "id" INTEGER PRIMARY KEY AUTOINCREMENT,
    "user_id" INTEGER REFERENCES "auth_user" ("id") ON DELETE CASCADE  ,
    "group_id" INTEGER REFERENCES "auth_group" ("id") ON DELETE CASCADE  
);
success!
timestamp: 2019-05-14T09:52:07.326000
CREATE TABLE "auth_permission"(
    "id" INTEGER PRIMARY KEY AUTOINCREMENT,
    "group_id" INTEGER REFERENCES "auth_group" ("id") ON DELETE CASCADE  ,
    "name" CHAR(512),
    "table_name" CHAR(512),
    "record_id" INTEGER
);
success!
timestamp: 2019-05-14T09:52:07.456000
CREATE TABLE "auth_event"(
    "id" INTEGER PRIMARY KEY AUTOINCREMENT,
    "time_stamp" TIMESTAMP,
    "client_ip" CHAR(512),
    "user_id" INTEGER REFERENCES "auth_user" ("id") ON DELETE CASCADE  ,
    "origin" CHAR(512),
    "description" TEXT
);
success!
timestamp: 2019-05-14T09:52:07.616000
CREATE TABLE "auth_cas"(
    "id" INTEGER PRIMARY KEY AUTOINCREMENT,
    "user_id" INTEGER REFERENCES "auth_user" ("id") ON DELETE CASCADE  ,
    "created_on" TIMESTAMP,
    "service" CHAR(512),
    "ticket" CHAR(512),
    "renew" CHAR(1)
);
success!
timestamp: 2019-05-14T09:56:34.466000
CREATE TABLE "tipo_contas"(
    "id" INTEGER PRIMARY KEY AUTOINCREMENT,
    "tipo" CHAR(512) NOT NULL
);
success!
timestamp: 2019-05-14T09:56:34.662000
CREATE TABLE "contas"(
    "id" INTEGER PRIMARY KEY AUTOINCREMENT,
    "tipo" INTEGER REFERENCES "tipo_contas" ("id") ON DELETE CASCADE  NOT NULL ,
    "descricao" CHAR(512) NOT NULL,
    "conta_pai" INTEGER REFERENCES "contas" ("id") ON DELETE CASCADE  
);
success!
timestamp: 2019-05-14T10:03:18.008000
CREATE TABLE "contas_tipo"(
    "id" INTEGER PRIMARY KEY AUTOINCREMENT,
    "tipo" CHAR(512) NOT NULL
);
success!
timestamp: 2019-05-14T10:03:18.392000
CREATE TABLE "contas_categoria"(
    "id" INTEGER PRIMARY KEY AUTOINCREMENT,
    "tipo" INTEGER REFERENCES "contas_tipo" ("id") ON DELETE CASCADE  NOT NULL ,
    "categoria" CHAR(512) NOT NULL
);
success!
timestamp: 2019-05-14T10:09:51.109000
CREATE TABLE "person"(
    "id" INTEGER PRIMARY KEY AUTOINCREMENT,
    "name" CHAR(512),
    "father_id" INTEGER REFERENCES "person" ("id") ON DELETE CASCADE  ,
    "mother_id" INTEGER REFERENCES "person" ("id") ON DELETE CASCADE  
);
success!
